# Logfile created on 2014-02-05 18:34:50 +0000 by logger.rb/41954
I, [2014-02-05T18:34:50.017876 #34437]  INFO -- : 0:  rake (10.1.1) from /Users/m/.rvm/gems/ruby-2.0.0-p353/specifications/rake-10.1.1.gemspec
I, [2014-02-05T18:34:50.018345 #34437]  INFO -- : 0:  i18n (0.6.9) from /Users/m/.rvm/gems/ruby-2.0.0-p353/specifications/i18n-0.6.9.gemspec
I, [2014-02-05T18:34:50.018780 #34437]  INFO -- : 0:  minitest (4.7.5) from /Users/m/.rvm/gems/ruby-2.0.0-p353/specifications/minitest-4.7.5.gemspec
I, [2014-02-05T18:34:50.019187 #34437]  INFO -- : 0:  multi_json (1.8.4) from /Users/m/.rvm/gems/ruby-2.0.0-p353/specifications/multi_json-1.8.4.gemspec
I, [2014-02-05T18:34:50.019572 #34437]  INFO -- : 0:  atomic (1.1.14) from /Users/m/.rvm/gems/ruby-2.0.0-p353/specifications/atomic-1.1.14.gemspec
I, [2014-02-05T18:34:50.019957 #34437]  INFO -- : 0:  thread_safe (0.1.3) from /Users/m/.rvm/gems/ruby-2.0.0-p353/specifications/thread_safe-0.1.3.gemspec
I, [2014-02-05T18:34:50.020346 #34437]  INFO -- : 0:  tzinfo (0.3.38) from /Users/m/.rvm/gems/ruby-2.0.0-p353/specifications/tzinfo-0.3.38.gemspec
I, [2014-02-05T18:34:50.020654 #34437]  INFO -- : 0:  activesupport (4.0.2) from /Users/m/.rvm/gems/ruby-2.0.0-p353/specifications/activesupport-4.0.2.gemspec
I, [2014-02-05T18:34:50.021043 #34437]  INFO -- : 0:  addressable (2.3.5) from /Users/m/.rvm/gems/ruby-2.0.0-p353/specifications/addressable-2.3.5.gemspec
I, [2014-02-05T18:34:50.021383 #34437]  INFO -- : 0:  descendants_tracker (0.0.3) from /Users/m/.rvm/gems/ruby-2.0.0-p353/specifications/descendants_tracker-0.0.3.gemspec
I, [2014-02-05T18:34:50.021749 #34437]  INFO -- : 0:  ice_nine (0.11.0) from /Users/m/.rvm/gems/ruby-2.0.0-p353/specifications/ice_nine-0.11.0.gemspec
I, [2014-02-05T18:34:50.022085 #34437]  INFO -- : 0:  axiom-types (0.0.5) from /Users/m/.rvm/gems/ruby-2.0.0-p353/specifications/axiom-types-0.0.5.gemspec
I, [2014-02-05T18:34:50.022408 #34437]  INFO -- : 0:  bcrypt-ruby (3.1.2) from /Users/m/.rvm/gems/ruby-2.0.0-p353/specifications/bcrypt-ruby-3.1.2.gemspec
I, [2014-02-05T18:34:50.022728 #34437]  INFO -- : 0:  builder (3.2.2) from /Users/m/.rvm/gems/ruby-2.0.0-p353/specifications/builder-3.2.2.gemspec
I, [2014-02-05T18:34:50.023054 #34437]  INFO -- : 0:  mime-types (2.1) from /Users/m/.rvm/gems/ruby-2.0.0-p353/specifications/mime-types-2.1.gemspec
I, [2014-02-05T18:34:50.023365 #34437]  INFO -- : 0:  mini_portile (0.5.2) from /Users/m/.rvm/gems/ruby-2.0.0-p353/specifications/mini_portile-0.5.2.gemspec
I, [2014-02-05T18:34:50.023685 #34437]  INFO -- : 0:  nokogiri (1.6.1) from /Users/m/.rvm/gems/ruby-2.0.0-p353/specifications/nokogiri-1.6.1.gemspec
I, [2014-02-05T18:34:50.023994 #34437]  INFO -- : 0:  rack (1.5.2) from /Users/m/.rvm/gems/ruby-2.0.0-p353/specifications/rack-1.5.2.gemspec
I, [2014-02-05T18:34:50.024313 #34437]  INFO -- : 0:  rack-test (0.6.2) from /Users/m/.rvm/gems/ruby-2.0.0-p353/specifications/rack-test-0.6.2.gemspec
I, [2014-02-05T18:34:50.024605 #34437]  INFO -- : 0:  xpath (2.0.0) from /Users/m/.rvm/gems/ruby-2.0.0-p353/specifications/xpath-2.0.0.gemspec
I, [2014-02-05T18:34:50.024938 #34437]  INFO -- : 0:  capybara (2.2.1) from /Users/m/.rvm/gems/ruby-2.0.0-p353/specifications/capybara-2.2.1.gemspec
I, [2014-02-05T18:34:50.025259 #34437]  INFO -- : 0:  coercible (1.0.0) from /Users/m/.rvm/gems/ruby-2.0.0-p353/specifications/coercible-1.0.0.gemspec
I, [2014-02-05T18:34:50.025568 #34437]  INFO -- : 0:  dm-core (1.2.1) from /Users/m/.rvm/gems/ruby-2.0.0-p353/specifications/dm-core-1.2.1.gemspec
I, [2014-02-05T18:34:50.025878 #34437]  INFO -- : 0:  dm-aggregates (1.2.0) from /Users/m/.rvm/gems/ruby-2.0.0-p353/specifications/dm-aggregates-1.2.0.gemspec
I, [2014-02-05T18:34:50.026192 #34437]  INFO -- : 0:  dm-constraints (1.2.0) from /Users/m/.rvm/gems/ruby-2.0.0-p353/specifications/dm-constraints-1.2.0.gemspec
I, [2014-02-05T18:34:50.026498 #34437]  INFO -- : 0:  dm-migrations (1.2.0) from /Users/m/.rvm/gems/ruby-2.0.0-p353/specifications/dm-migrations-1.2.0.gemspec
I, [2014-02-05T18:34:50.026808 #34437]  INFO -- : 0:  fastercsv (1.5.5) from /Users/m/.rvm/gems/ruby-2.0.0-p353/specifications/fastercsv-1.5.5.gemspec
I, [2014-02-05T18:34:50.027110 #34437]  INFO -- : 0:  json (1.8.1) from /Users/m/.rvm/gems/ruby-2.0.0-p353/specifications/json-1.8.1.gemspec
I, [2014-02-05T18:34:50.027546 #34437]  INFO -- : 0:  json_pure (1.8.1) from /Users/m/.rvm/gems/ruby-2.0.0-p353/specifications/json_pure-1.8.1.gemspec
I, [2014-02-05T18:34:50.028017 #34437]  INFO -- : 0:  dm-serializer (1.2.2) from /Users/m/.rvm/gems/ruby-2.0.0-p353/specifications/dm-serializer-1.2.2.gemspec
I, [2014-02-05T18:34:50.028440 #34437]  INFO -- : 0:  dm-timestamps (1.2.0) from /Users/m/.rvm/gems/ruby-2.0.0-p353/specifications/dm-timestamps-1.2.0.gemspec
I, [2014-02-05T18:34:50.028739 #34437]  INFO -- : 0:  dm-transactions (1.2.0) from /Users/m/.rvm/gems/ruby-2.0.0-p353/specifications/dm-transactions-1.2.0.gemspec
I, [2014-02-05T18:34:50.029111 #34437]  INFO -- : 0:  stringex (1.5.1) from /Users/m/.rvm/gems/ruby-2.0.0-p353/specifications/stringex-1.5.1.gemspec
I, [2014-02-05T18:34:50.029399 #34437]  INFO -- : 0:  uuidtools (2.1.4) from /Users/m/.rvm/gems/ruby-2.0.0-p353/specifications/uuidtools-2.1.4.gemspec
I, [2014-02-05T18:34:50.029695 #34437]  INFO -- : 0:  dm-types (1.2.2) from /Users/m/.rvm/gems/ruby-2.0.0-p353/specifications/dm-types-1.2.2.gemspec
I, [2014-02-05T18:34:50.029973 #34437]  INFO -- : 0:  dm-validations (1.2.0) from /Users/m/.rvm/gems/ruby-2.0.0-p353/specifications/dm-validations-1.2.0.gemspec
I, [2014-02-05T18:34:50.030267 #34437]  INFO -- : 0:  data_mapper (1.2.0) from /Users/m/.rvm/gems/ruby-2.0.0-p353/specifications/data_mapper-1.2.0.gemspec
I, [2014-02-05T18:34:50.030536 #34437]  INFO -- : 0:  data_objects (0.10.13) from /Users/m/.rvm/gems/ruby-2.0.0-p353/specifications/data_objects-0.10.13.gemspec
I, [2014-02-05T18:34:50.030820 #34437]  INFO -- : 0:  database_cleaner (1.2.0) from /Users/m/.rvm/gems/ruby-2.0.0-p353/specifications/database_cleaner-1.2.0.gemspec
I, [2014-02-05T18:34:50.031107 #34437]  INFO -- : 0:  diff-lcs (1.2.5) from /Users/m/.rvm/gems/ruby-2.0.0-p353/specifications/diff-lcs-1.2.5.gemspec
I, [2014-02-05T18:34:51.774191 #34437]  INFO -- : 0:  dm-ar-finders (1.2.0) from /Users/m/.rvm/gems/ruby-2.0.0-p353/specifications/dm-ar-finders-1.2.0.gemspec
I, [2014-02-05T18:34:51.774583 #34437]  INFO -- : 0:  dm-do-adapter (1.2.0) from /Users/m/.rvm/gems/ruby-2.0.0-p353/specifications/dm-do-adapter-1.2.0.gemspec
I, [2014-02-05T18:34:51.774851 #34437]  INFO -- : 0:  do_postgres (0.10.13) from /Users/m/.rvm/gems/ruby-2.0.0-p353/specifications/do_postgres-0.10.13.gemspec
I, [2014-02-05T18:34:51.775106 #34437]  INFO -- : 0:  dm-postgres-adapter (1.2.0) from /Users/m/.rvm/gems/ruby-2.0.0-p353/specifications/dm-postgres-adapter-1.2.0.gemspec
I, [2014-02-05T18:34:51.775345 #34437]  INFO -- : 0:  equalizer (0.0.9) from /Users/m/.rvm/gems/ruby-2.0.0-p353/specifications/equalizer-0.0.9.gemspec
I, [2014-02-05T18:34:51.775582 #34437]  INFO -- : 0:  hashie (2.0.5) from /Users/m/.rvm/gems/ruby-2.0.0-p353/specifications/hashie-2.0.5.gemspec
I, [2014-02-05T18:34:51.775819 #34437]  INFO -- : 0:  multi_xml (0.5.5) from /Users/m/.rvm/gems/ruby-2.0.0-p353/specifications/multi_xml-0.5.5.gemspec
I, [2014-02-05T18:34:51.776054 #34437]  INFO -- : 0:  rack-accept (0.4.5) from /Users/m/.rvm/gems/ruby-2.0.0-p353/specifications/rack-accept-0.4.5.gemspec
I, [2014-02-05T18:34:51.776286 #34437]  INFO -- : 0:  rack-mount (0.8.3) from /Users/m/.rvm/gems/ruby-2.0.0-p353/specifications/rack-mount-0.8.3.gemspec
I, [2014-02-05T18:34:51.776520 #34437]  INFO -- : 0:  virtus (1.0.1) from /Users/m/.rvm/gems/ruby-2.0.0-p353/specifications/virtus-1.0.1.gemspec
I, [2014-02-05T18:34:51.776752 #34437]  INFO -- : 0:  grape (0.6.1) from /Users/m/.rvm/gems/ruby-2.0.0-p353/specifications/grape-0.6.1.gemspec
I, [2014-02-05T18:34:51.777019 #34437]  INFO -- : 0:  rspec-core (2.14.7) from /Users/m/.rvm/gems/ruby-2.0.0-p353/specifications/rspec-core-2.14.7.gemspec
I, [2014-02-05T18:34:57.784453 #34437]  INFO -- : 0:  rspec-expectations (2.14.5) from /Users/m/.rvm/gems/ruby-2.0.0-p353/specifications/rspec-expectations-2.14.5.gemspec
I, [2014-02-05T18:35:02.337219 #34437]  INFO -- : 0:  rspec-mocks (2.14.5) from /Users/m/.rvm/gems/ruby-2.0.0-p353/specifications/rspec-mocks-2.14.5.gemspec
I, [2014-02-05T18:35:02.337638 #34437]  INFO -- : 0:  rspec (2.14.1) from /Users/m/.rvm/gems/ruby-2.0.0-p353/specifications/rspec-2.14.1.gemspec
I, [2014-02-05T18:35:02.338031 #34437]  INFO -- : 0:  bundler (1.5.1) from /Users/m/.rvm/gems/ruby-2.0.0-p353/specifications/bundler-1.5.1.gemspec
I, [2014-02-05T18:40:08.301174 #34515]  INFO -- : 0:  rake (10.1.1) from /Users/m/.rvm/gems/ruby-2.0.0-p353/specifications/rake-10.1.1.gemspec
I, [2014-02-05T18:40:08.301753 #34515]  INFO -- : 0:  i18n (0.6.9) from /Users/m/.rvm/gems/ruby-2.0.0-p353/specifications/i18n-0.6.9.gemspec
I, [2014-02-05T18:40:08.302226 #34515]  INFO -- : 0:  minitest (4.7.5) from /Users/m/.rvm/gems/ruby-2.0.0-p353/specifications/minitest-4.7.5.gemspec
I, [2014-02-05T18:40:08.302650 #34515]  INFO -- : 0:  multi_json (1.8.4) from /Users/m/.rvm/gems/ruby-2.0.0-p353/specifications/multi_json-1.8.4.gemspec
I, [2014-02-05T18:40:08.303044 #34515]  INFO -- : 0:  atomic (1.1.14) from /Users/m/.rvm/gems/ruby-2.0.0-p353/specifications/atomic-1.1.14.gemspec
I, [2014-02-05T18:40:08.303408 #34515]  INFO -- : 0:  thread_safe (0.1.3) from /Users/m/.rvm/gems/ruby-2.0.0-p353/specifications/thread_safe-0.1.3.gemspec
I, [2014-02-05T18:40:08.303786 #34515]  INFO -- : 0:  tzinfo (0.3.38) from /Users/m/.rvm/gems/ruby-2.0.0-p353/specifications/tzinfo-0.3.38.gemspec
I, [2014-02-05T18:40:08.304163 #34515]  INFO -- : 0:  activesupport (4.0.2) from /Users/m/.rvm/gems/ruby-2.0.0-p353/specifications/activesupport-4.0.2.gemspec
I, [2014-02-05T18:40:08.304532 #34515]  INFO -- : 0:  addressable (2.3.5) from /Users/m/.rvm/gems/ruby-2.0.0-p353/specifications/addressable-2.3.5.gemspec
I, [2014-02-05T18:40:08.304899 #34515]  INFO -- : 0:  descendants_tracker (0.0.3) from /Users/m/.rvm/gems/ruby-2.0.0-p353/specifications/descendants_tracker-0.0.3.gemspec
I, [2014-02-05T18:40:08.305309 #34515]  INFO -- : 0:  ice_nine (0.11.0) from /Users/m/.rvm/gems/ruby-2.0.0-p353/specifications/ice_nine-0.11.0.gemspec
I, [2014-02-05T18:40:08.305702 #34515]  INFO -- : 0:  axiom-types (0.0.5) from /Users/m/.rvm/gems/ruby-2.0.0-p353/specifications/axiom-types-0.0.5.gemspec
I, [2014-02-05T18:40:08.306109 #34515]  INFO -- : 0:  bcrypt-ruby (3.1.2) from /Users/m/.rvm/gems/ruby-2.0.0-p353/specifications/bcrypt-ruby-3.1.2.gemspec
I, [2014-02-05T18:40:08.306507 #34515]  INFO -- : 0:  builder (3.2.2) from /Users/m/.rvm/gems/ruby-2.0.0-p353/specifications/builder-3.2.2.gemspec
I, [2014-02-05T18:40:08.306807 #34515]  INFO -- : 0:  mime-types (2.1) from /Users/m/.rvm/gems/ruby-2.0.0-p353/specifications/mime-types-2.1.gemspec
I, [2014-02-05T18:40:08.307093 #34515]  INFO -- : 0:  mini_portile (0.5.2) from /Users/m/.rvm/gems/ruby-2.0.0-p353/specifications/mini_portile-0.5.2.gemspec
I, [2014-02-05T18:40:08.307360 #34515]  INFO -- : 0:  nokogiri (1.6.1) from /Users/m/.rvm/gems/ruby-2.0.0-p353/specifications/nokogiri-1.6.1.gemspec
I, [2014-02-05T18:40:08.307636 #34515]  INFO -- : 0:  rack (1.5.2) from /Users/m/.rvm/gems/ruby-2.0.0-p353/specifications/rack-1.5.2.gemspec
I, [2014-02-05T18:40:08.307907 #34515]  INFO -- : 0:  rack-test (0.6.2) from /Users/m/.rvm/gems/ruby-2.0.0-p353/specifications/rack-test-0.6.2.gemspec
I, [2014-02-05T18:40:08.308179 #34515]  INFO -- : 0:  xpath (2.0.0) from /Users/m/.rvm/gems/ruby-2.0.0-p353/specifications/xpath-2.0.0.gemspec
I, [2014-02-05T18:40:08.308457 #34515]  INFO -- : 0:  capybara (2.2.1) from /Users/m/.rvm/gems/ruby-2.0.0-p353/specifications/capybara-2.2.1.gemspec
I, [2014-02-05T18:40:08.308731 #34515]  INFO -- : 0:  coercible (1.0.0) from /Users/m/.rvm/gems/ruby-2.0.0-p353/specifications/coercible-1.0.0.gemspec
I, [2014-02-05T18:40:08.308988 #34515]  INFO -- : 0:  daemons (1.1.9) from /Users/m/.rvm/gems/ruby-2.0.0-p353/specifications/daemons-1.1.9.gemspec
I, [2014-02-05T18:40:08.309261 #34515]  INFO -- : 0:  dm-core (1.2.1) from /Users/m/.rvm/gems/ruby-2.0.0-p353/specifications/dm-core-1.2.1.gemspec
I, [2014-02-05T18:40:08.309532 #34515]  INFO -- : 0:  dm-aggregates (1.2.0) from /Users/m/.rvm/gems/ruby-2.0.0-p353/specifications/dm-aggregates-1.2.0.gemspec
I, [2014-02-05T18:40:08.309820 #34515]  INFO -- : 0:  dm-constraints (1.2.0) from /Users/m/.rvm/gems/ruby-2.0.0-p353/specifications/dm-constraints-1.2.0.gemspec
I, [2014-02-05T18:40:08.310095 #34515]  INFO -- : 0:  dm-migrations (1.2.0) from /Users/m/.rvm/gems/ruby-2.0.0-p353/specifications/dm-migrations-1.2.0.gemspec
I, [2014-02-05T18:40:08.310352 #34515]  INFO -- : 0:  fastercsv (1.5.5) from /Users/m/.rvm/gems/ruby-2.0.0-p353/specifications/fastercsv-1.5.5.gemspec
I, [2014-02-05T18:40:08.310626 #34515]  INFO -- : 0:  json (1.8.1) from /Users/m/.rvm/gems/ruby-2.0.0-p353/specifications/json-1.8.1.gemspec
I, [2014-02-05T18:40:08.310896 #34515]  INFO -- : 0:  json_pure (1.8.1) from /Users/m/.rvm/gems/ruby-2.0.0-p353/specifications/json_pure-1.8.1.gemspec
I, [2014-02-05T18:40:08.311173 #34515]  INFO -- : 0:  dm-serializer (1.2.2) from /Users/m/.rvm/gems/ruby-2.0.0-p353/specifications/dm-serializer-1.2.2.gemspec
I, [2014-02-05T18:40:08.311456 #34515]  INFO -- : 0:  dm-timestamps (1.2.0) from /Users/m/.rvm/gems/ruby-2.0.0-p353/specifications/dm-timestamps-1.2.0.gemspec
I, [2014-02-05T18:40:08.311757 #34515]  INFO -- : 0:  dm-transactions (1.2.0) from /Users/m/.rvm/gems/ruby-2.0.0-p353/specifications/dm-transactions-1.2.0.gemspec
I, [2014-02-05T18:40:08.312014 #34515]  INFO -- : 0:  stringex (1.5.1) from /Users/m/.rvm/gems/ruby-2.0.0-p353/specifications/stringex-1.5.1.gemspec
I, [2014-02-05T18:40:08.312282 #34515]  INFO -- : 0:  uuidtools (2.1.4) from /Users/m/.rvm/gems/ruby-2.0.0-p353/specifications/uuidtools-2.1.4.gemspec
I, [2014-02-05T18:40:08.312554 #34515]  INFO -- : 0:  dm-types (1.2.2) from /Users/m/.rvm/gems/ruby-2.0.0-p353/specifications/dm-types-1.2.2.gemspec
I, [2014-02-05T18:40:08.312832 #34515]  INFO -- : 0:  dm-validations (1.2.0) from /Users/m/.rvm/gems/ruby-2.0.0-p353/specifications/dm-validations-1.2.0.gemspec
I, [2014-02-05T18:40:08.313105 #34515]  INFO -- : 0:  data_mapper (1.2.0) from /Users/m/.rvm/gems/ruby-2.0.0-p353/specifications/data_mapper-1.2.0.gemspec
I, [2014-02-05T18:40:08.313378 #34515]  INFO -- : 0:  data_objects (0.10.13) from /Users/m/.rvm/gems/ruby-2.0.0-p353/specifications/data_objects-0.10.13.gemspec
I, [2014-02-05T18:40:08.313633 #34515]  INFO -- : 0:  database_cleaner (1.2.0) from /Users/m/.rvm/gems/ruby-2.0.0-p353/specifications/database_cleaner-1.2.0.gemspec
I, [2014-02-05T18:40:08.313901 #34515]  INFO -- : 0:  diff-lcs (1.2.5) from /Users/m/.rvm/gems/ruby-2.0.0-p353/specifications/diff-lcs-1.2.5.gemspec
I, [2014-02-05T18:40:08.314172 #34515]  INFO -- : 0:  dm-ar-finders (1.2.0) from /Users/m/.rvm/gems/ruby-2.0.0-p353/specifications/dm-ar-finders-1.2.0.gemspec
I, [2014-02-05T18:40:08.314442 #34515]  INFO -- : 0:  dm-do-adapter (1.2.0) from /Users/m/.rvm/gems/ruby-2.0.0-p353/specifications/dm-do-adapter-1.2.0.gemspec
I, [2014-02-05T18:40:08.314714 #34515]  INFO -- : 0:  do_postgres (0.10.13) from /Users/m/.rvm/gems/ruby-2.0.0-p353/specifications/do_postgres-0.10.13.gemspec
I, [2014-02-05T18:40:08.314967 #34515]  INFO -- : 0:  dm-postgres-adapter (1.2.0) from /Users/m/.rvm/gems/ruby-2.0.0-p353/specifications/dm-postgres-adapter-1.2.0.gemspec
I, [2014-02-05T18:40:08.315240 #34515]  INFO -- : 0:  equalizer (0.0.9) from /Users/m/.rvm/gems/ruby-2.0.0-p353/specifications/equalizer-0.0.9.gemspec
I, [2014-02-05T18:40:08.315533 #34515]  INFO -- : 0:  eventmachine (1.0.3) from /Users/m/.rvm/gems/ruby-2.0.0-p353/specifications/eventmachine-1.0.3.gemspec
I, [2014-02-05T18:40:08.315974 #34515]  INFO -- : 0:  hashie (2.0.5) from /Users/m/.rvm/gems/ruby-2.0.0-p353/specifications/hashie-2.0.5.gemspec
I, [2014-02-05T18:40:08.316397 #34515]  INFO -- : 0:  multi_xml (0.5.5) from /Users/m/.rvm/gems/ruby-2.0.0-p353/specifications/multi_xml-0.5.5.gemspec
I, [2014-02-05T18:40:08.316784 #34515]  INFO -- : 0:  rack-accept (0.4.5) from /Users/m/.rvm/gems/ruby-2.0.0-p353/specifications/rack-accept-0.4.5.gemspec
I, [2014-02-05T18:40:08.317175 #34515]  INFO -- : 0:  rack-mount (0.8.3) from /Users/m/.rvm/gems/ruby-2.0.0-p353/specifications/rack-mount-0.8.3.gemspec
I, [2014-02-05T18:40:08.317571 #34515]  INFO -- : 0:  virtus (1.0.1) from /Users/m/.rvm/gems/ruby-2.0.0-p353/specifications/virtus-1.0.1.gemspec
I, [2014-02-05T18:40:08.317939 #34515]  INFO -- : 0:  grape (0.6.1) from /Users/m/.rvm/gems/ruby-2.0.0-p353/specifications/grape-0.6.1.gemspec
I, [2014-02-05T18:40:08.318310 #34515]  INFO -- : 0:  rspec-core (2.14.7) from /Users/m/.rvm/gems/ruby-2.0.0-p353/specifications/rspec-core-2.14.7.gemspec
I, [2014-02-05T18:40:08.318690 #34515]  INFO -- : 0:  rspec-expectations (2.14.5) from /Users/m/.rvm/gems/ruby-2.0.0-p353/specifications/rspec-expectations-2.14.5.gemspec
I, [2014-02-05T18:40:08.319062 #34515]  INFO -- : 0:  rspec-mocks (2.14.5) from /Users/m/.rvm/gems/ruby-2.0.0-p353/specifications/rspec-mocks-2.14.5.gemspec
I, [2014-02-05T18:40:08.319413 #34515]  INFO -- : 0:  rspec (2.14.1) from /Users/m/.rvm/gems/ruby-2.0.0-p353/specifications/rspec-2.14.1.gemspec
I, [2014-02-05T18:40:08.319778 #34515]  INFO -- : 0:  thin (1.6.1) from /Users/m/.rvm/gems/ruby-2.0.0-p353/specifications/thin-1.6.1.gemspec
I, [2014-02-05T18:40:08.320134 #34515]  INFO -- : 0:  bundler (1.5.1) from /Users/m/.rvm/gems/ruby-2.0.0-p353/specifications/bundler-1.5.1.gemspec
I, [2014-02-06T15:15:38.932527 #39074]  INFO -- : 0:  rake (10.1.1) from /Users/m/.rvm/gems/ruby-2.0.0-p353/specifications/rake-10.1.1.gemspec
I, [2014-02-06T15:15:38.935025 #39074]  INFO -- : 0:  i18n (0.6.9) from /Users/m/.rvm/gems/ruby-2.0.0-p353/specifications/i18n-0.6.9.gemspec
I, [2014-02-06T15:15:38.935345 #39074]  INFO -- : 0:  minitest (4.7.5) from /Users/m/.rvm/gems/ruby-2.0.0-p353/specifications/minitest-4.7.5.gemspec
I, [2014-02-06T15:15:38.935613 #39074]  INFO -- : 0:  multi_json (1.8.4) from /Users/m/.rvm/gems/ruby-2.0.0-p353/specifications/multi_json-1.8.4.gemspec
I, [2014-02-06T15:15:38.935882 #39074]  INFO -- : 0:  atomic (1.1.14) from /Users/m/.rvm/gems/ruby-2.0.0-p353/specifications/atomic-1.1.14.gemspec
I, [2014-02-06T15:15:38.936129 #39074]  INFO -- : 0:  thread_safe (0.1.3) from /Users/m/.rvm/gems/ruby-2.0.0-p353/specifications/thread_safe-0.1.3.gemspec
I, [2014-02-06T15:15:38.936379 #39074]  INFO -- : 0:  tzinfo (0.3.38) from /Users/m/.rvm/gems/ruby-2.0.0-p353/specifications/tzinfo-0.3.38.gemspec
I, [2014-02-06T15:15:38.936643 #39074]  INFO -- : 0:  activesupport (4.0.2) from /Users/m/.rvm/gems/ruby-2.0.0-p353/specifications/activesupport-4.0.2.gemspec
I, [2014-02-06T15:15:38.936887 #39074]  INFO -- : 0:  addressable (2.3.5) from /Users/m/.rvm/gems/ruby-2.0.0-p353/specifications/addressable-2.3.5.gemspec
I, [2014-02-06T15:15:38.937131 #39074]  INFO -- : 0:  descendants_tracker (0.0.3) from /Users/m/.rvm/gems/ruby-2.0.0-p353/specifications/descendants_tracker-0.0.3.gemspec
I, [2014-02-06T15:15:38.937374 #39074]  INFO -- : 0:  ice_nine (0.11.0) from /Users/m/.rvm/gems/ruby-2.0.0-p353/specifications/ice_nine-0.11.0.gemspec
I, [2014-02-06T15:15:38.937624 #39074]  INFO -- : 0:  axiom-types (0.0.5) from /Users/m/.rvm/gems/ruby-2.0.0-p353/specifications/axiom-types-0.0.5.gemspec
I, [2014-02-06T15:15:38.937862 #39074]  INFO -- : 0:  bcrypt-ruby (3.1.2) from /Users/m/.rvm/gems/ruby-2.0.0-p353/specifications/bcrypt-ruby-3.1.2.gemspec
I, [2014-02-06T15:15:38.938102 #39074]  INFO -- : 0:  builder (3.2.2) from /Users/m/.rvm/gems/ruby-2.0.0-p353/specifications/builder-3.2.2.gemspec
I, [2014-02-06T15:15:38.938361 #39074]  INFO -- : 0:  mime-types (2.1) from /Users/m/.rvm/gems/ruby-2.0.0-p353/specifications/mime-types-2.1.gemspec
I, [2014-02-06T15:15:38.938682 #39074]  INFO -- : 0:  mini_portile (0.5.2) from /Users/m/.rvm/gems/ruby-2.0.0-p353/specifications/mini_portile-0.5.2.gemspec
I, [2014-02-06T15:15:38.938931 #39074]  INFO -- : 0:  nokogiri (1.6.1) from /Users/m/.rvm/gems/ruby-2.0.0-p353/specifications/nokogiri-1.6.1.gemspec
I, [2014-02-06T15:15:38.939167 #39074]  INFO -- : 0:  rack (1.5.2) from /Users/m/.rvm/gems/ruby-2.0.0-p353/specifications/rack-1.5.2.gemspec
I, [2014-02-06T15:15:38.939414 #39074]  INFO -- : 0:  rack-test (0.6.2) from /Users/m/.rvm/gems/ruby-2.0.0-p353/specifications/rack-test-0.6.2.gemspec
I, [2014-02-06T15:15:38.939666 #39074]  INFO -- : 0:  xpath (2.0.0) from /Users/m/.rvm/gems/ruby-2.0.0-p353/specifications/xpath-2.0.0.gemspec
I, [2014-02-06T15:15:38.939922 #39074]  INFO -- : 0:  capybara (2.2.1) from /Users/m/.rvm/gems/ruby-2.0.0-p353/specifications/capybara-2.2.1.gemspec
I, [2014-02-06T15:15:38.940158 #39074]  INFO -- : 0:  coercible (1.0.0) from /Users/m/.rvm/gems/ruby-2.0.0-p353/specifications/coercible-1.0.0.gemspec
I, [2014-02-06T15:15:38.940388 #39074]  INFO -- : 0:  daemons (1.1.9) from /Users/m/.rvm/gems/ruby-2.0.0-p353/specifications/daemons-1.1.9.gemspec
I, [2014-02-06T15:15:38.940639 #39074]  INFO -- : 0:  dm-core (1.2.1) from /Users/m/.rvm/gems/ruby-2.0.0-p353/specifications/dm-core-1.2.1.gemspec
I, [2014-02-06T15:15:38.940881 #39074]  INFO -- : 0:  dm-aggregates (1.2.0) from /Users/m/.rvm/gems/ruby-2.0.0-p353/specifications/dm-aggregates-1.2.0.gemspec
I, [2014-02-06T15:15:38.941113 #39074]  INFO -- : 0:  dm-constraints (1.2.0) from /Users/m/.rvm/gems/ruby-2.0.0-p353/specifications/dm-constraints-1.2.0.gemspec
I, [2014-02-06T15:15:38.941347 #39074]  INFO -- : 0:  dm-migrations (1.2.0) from /Users/m/.rvm/gems/ruby-2.0.0-p353/specifications/dm-migrations-1.2.0.gemspec
I, [2014-02-06T15:15:38.941991 #39074]  INFO -- : 0:  fastercsv (1.5.5) from /Users/m/.rvm/gems/ruby-2.0.0-p353/specifications/fastercsv-1.5.5.gemspec
I, [2014-02-06T15:15:38.942337 #39074]  INFO -- : 0:  json (1.8.1) from /Users/m/.rvm/gems/ruby-2.0.0-p353/specifications/json-1.8.1.gemspec
I, [2014-02-06T15:15:38.942682 #39074]  INFO -- : 0:  json_pure (1.8.1) from /Users/m/.rvm/gems/ruby-2.0.0-p353/specifications/json_pure-1.8.1.gemspec
I, [2014-02-06T15:15:38.942994 #39074]  INFO -- : 0:  dm-serializer (1.2.2) from /Users/m/.rvm/gems/ruby-2.0.0-p353/specifications/dm-serializer-1.2.2.gemspec
I, [2014-02-06T15:15:38.943331 #39074]  INFO -- : 0:  dm-timestamps (1.2.0) from /Users/m/.rvm/gems/ruby-2.0.0-p353/specifications/dm-timestamps-1.2.0.gemspec
I, [2014-02-06T15:15:38.943615 #39074]  INFO -- : 0:  dm-transactions (1.2.0) from /Users/m/.rvm/gems/ruby-2.0.0-p353/specifications/dm-transactions-1.2.0.gemspec
I, [2014-02-06T15:15:38.943888 #39074]  INFO -- : 0:  stringex (1.5.1) from /Users/m/.rvm/gems/ruby-2.0.0-p353/specifications/stringex-1.5.1.gemspec
I, [2014-02-06T15:15:38.944165 #39074]  INFO -- : 0:  uuidtools (2.1.4) from /Users/m/.rvm/gems/ruby-2.0.0-p353/specifications/uuidtools-2.1.4.gemspec
I, [2014-02-06T15:15:38.944461 #39074]  INFO -- : 0:  dm-types (1.2.2) from /Users/m/.rvm/gems/ruby-2.0.0-p353/specifications/dm-types-1.2.2.gemspec
I, [2014-02-06T15:15:38.944764 #39074]  INFO -- : 0:  dm-validations (1.2.0) from /Users/m/.rvm/gems/ruby-2.0.0-p353/specifications/dm-validations-1.2.0.gemspec
I, [2014-02-06T15:15:38.945077 #39074]  INFO -- : 0:  data_mapper (1.2.0) from /Users/m/.rvm/gems/ruby-2.0.0-p353/specifications/data_mapper-1.2.0.gemspec
I, [2014-02-06T15:15:38.945397 #39074]  INFO -- : 0:  data_objects (0.10.13) from /Users/m/.rvm/gems/ruby-2.0.0-p353/specifications/data_objects-0.10.13.gemspec
I, [2014-02-06T15:15:38.945803 #39074]  INFO -- : 0:  database_cleaner (1.2.0) from /Users/m/.rvm/gems/ruby-2.0.0-p353/specifications/database_cleaner-1.2.0.gemspec
I, [2014-02-06T15:15:38.946387 #39074]  INFO -- : 0:  diff-lcs (1.2.5) from /Users/m/.rvm/gems/ruby-2.0.0-p353/specifications/diff-lcs-1.2.5.gemspec
I, [2014-02-06T15:15:38.947044 #39074]  INFO -- : 0:  dm-ar-finders (1.2.0) from /Users/m/.rvm/gems/ruby-2.0.0-p353/specifications/dm-ar-finders-1.2.0.gemspec
I, [2014-02-06T15:15:38.947394 #39074]  INFO -- : 0:  dm-do-adapter (1.2.0) from /Users/m/.rvm/gems/ruby-2.0.0-p353/specifications/dm-do-adapter-1.2.0.gemspec
I, [2014-02-06T15:15:38.947724 #39074]  INFO -- : 0:  do_postgres (0.10.13) from /Users/m/.rvm/gems/ruby-2.0.0-p353/specifications/do_postgres-0.10.13.gemspec
I, [2014-02-06T15:15:38.948048 #39074]  INFO -- : 0:  dm-postgres-adapter (1.2.0) from /Users/m/.rvm/gems/ruby-2.0.0-p353/specifications/dm-postgres-adapter-1.2.0.gemspec
I, [2014-02-06T15:15:38.948422 #39074]  INFO -- : 0:  equalizer (0.0.9) from /Users/m/.rvm/gems/ruby-2.0.0-p353/specifications/equalizer-0.0.9.gemspec
I, [2014-02-06T15:15:38.948811 #39074]  INFO -- : 0:  eventmachine (1.0.3) from /Users/m/.rvm/gems/ruby-2.0.0-p353/specifications/eventmachine-1.0.3.gemspec
I, [2014-02-06T15:15:38.949148 #39074]  INFO -- : 0:  hashie (2.0.5) from /Users/m/.rvm/gems/ruby-2.0.0-p353/specifications/hashie-2.0.5.gemspec
I, [2014-02-06T15:15:38.949479 #39074]  INFO -- : 0:  multi_xml (0.5.5) from /Users/m/.rvm/gems/ruby-2.0.0-p353/specifications/multi_xml-0.5.5.gemspec
I, [2014-02-06T15:15:38.949811 #39074]  INFO -- : 0:  rack-accept (0.4.5) from /Users/m/.rvm/gems/ruby-2.0.0-p353/specifications/rack-accept-0.4.5.gemspec
I, [2014-02-06T15:15:38.950140 #39074]  INFO -- : 0:  rack-mount (0.8.3) from /Users/m/.rvm/gems/ruby-2.0.0-p353/specifications/rack-mount-0.8.3.gemspec
I, [2014-02-06T15:15:38.950472 #39074]  INFO -- : 0:  virtus (1.0.1) from /Users/m/.rvm/gems/ruby-2.0.0-p353/specifications/virtus-1.0.1.gemspec
I, [2014-02-06T15:15:38.950781 #39074]  INFO -- : 0:  grape (0.6.1) from /Users/m/.rvm/gems/ruby-2.0.0-p353/specifications/grape-0.6.1.gemspec
I, [2014-02-06T15:15:40.908668 #39074]  INFO -- : 0:  grape-entity (0.4.0) from /Users/m/.rvm/gems/ruby-2.0.0-p353/specifications/grape-entity-0.4.0.gemspec
I, [2014-02-06T15:15:40.909177 #39074]  INFO -- : 0:  rspec-core (2.14.7) from /Users/m/.rvm/gems/ruby-2.0.0-p353/specifications/rspec-core-2.14.7.gemspec
I, [2014-02-06T15:15:40.909513 #39074]  INFO -- : 0:  rspec-expectations (2.14.5) from /Users/m/.rvm/gems/ruby-2.0.0-p353/specifications/rspec-expectations-2.14.5.gemspec
I, [2014-02-06T15:15:40.909892 #39074]  INFO -- : 0:  rspec-mocks (2.14.5) from /Users/m/.rvm/gems/ruby-2.0.0-p353/specifications/rspec-mocks-2.14.5.gemspec
I, [2014-02-06T15:15:40.910317 #39074]  INFO -- : 0:  rspec (2.14.1) from /Users/m/.rvm/gems/ruby-2.0.0-p353/specifications/rspec-2.14.1.gemspec
I, [2014-02-06T15:15:40.910605 #39074]  INFO -- : 0:  thin (1.6.1) from /Users/m/.rvm/gems/ruby-2.0.0-p353/specifications/thin-1.6.1.gemspec
I, [2014-02-06T15:15:40.910872 #39074]  INFO -- : 0:  bundler (1.5.1) from /Users/m/.rvm/gems/ruby-2.0.0-p353/specifications/bundler-1.5.1.gemspec
